-------------------------------------------------------------------------------
Test set: Runnings.Runner
-------------------------------------------------------------------------------
Tests run: 1, Failures: 1, Errors: 0, Skipped: 0, Time elapsed: 6.898 s <<< FAILURE! - in Runnings.Runner
busqueda en Google(Busqueda)  Time elapsed: 6.456 s  <<< FAILURE!
java.lang.AssertionError

